fudao_callcenter_test_001 | SUCCESS | rc=0 >>
fudao_callcenter
fudao_homework-recom_001 | SUCCESS | rc=0 >>
homework-recomm
fudao_activity_001 | SUCCESS | rc=0 >>
fudao_activity
wengetmp22.txt
wengetmp23.txt
wenge.txt
fudao_activity-test_001 | SUCCESS | rc=0 >>
fudao_activity
fudao_weixin_student
redis_6379
service_account
service_shorten
weixin_student
wenge.txt
fudao_activity_002 | SUCCESS | rc=0 >>
fudao_activity
wenge.txt
fudao_crm_001 | SUCCESS | rc=0 >>
dataImport.php
fudao_callcenter
fudao_clue
fudao_crm
fudao_push_manage
tmp
fudao_crm-callcenter_001 | SUCCESS | rc=0 >>
fudao_callcenter
fudao_crm-callcenter_002 | SUCCESS | rc=0 >>
fudao_callcenter
fudao_console_002 | SUCCESS | rc=0 >>
console
fudao_cms
fudao_gateway_001 | SUCCESS | rc=0 >>
websocket
fudao_console_001 | SUCCESS | rc=0 >>
console
fudao_cms
1,1           All
fudao_crm_002 | SUCCESS | rc=0 >>
fudao_callcenter
fudao_clue
fudao_crm
fudao_push_manage
tmp
fudao_crm_003 | SUCCESS | rc=0 >>
fudao_clue
fudao_crm
fudao_push_manage
fudao_crm-es_001 | SUCCESS | rc=0 >>
fudao_crm_es
fudao_crm-es_002 | SUCCESS | rc=0 >>
fudao_crm_es
fudao_homework-recom_002 | SUCCESS | rc=0 >>
homework-recomm
fudao_nidalee_001 | SUCCESS | rc=0 >>
image
nidalee
fudao_crm-test_001 | SUCCESS | rc=0 >>
core.24861
fudao_clue
fudao_crm
fudao_push_manage
fudao_crm-es_003 | SUCCESS | rc=0 >>
fudao_crm_es
fudao_console-test_001 | SUCCESS | rc=0 >>
fudao_cms
fudao_nidalee_002 | SUCCESS | rc=0 >>
image
nidalee
fudao_nidalee_003 | SUCCESS | rc=0 >>
image
nidalee
fudao_nidalee_004 | SUCCESS | rc=0 >>
image
nidalee
fudao_service-account_001 | SUCCESS | rc=0 >>
fudao_account
service_account
fudao_service-account_005 | SUCCESS | rc=0 >>
service_account
fudao_service-course_001 | SUCCESS | rc=0 >>
fudao_course
service_course
fudao_service-datacenter_001 | SUCCESS | rc=0 >>
service_datacenter
fudao_service-transaction_002 | SUCCESS | rc=0 >>
point.txt
service_transaction
fudao_service-transaction_001 | SUCCESS | rc=0 >>
point.txt
service_transaction
fudao_piwik_001 | SUCCESS | rc=0 >>
fudao_walle-test_001 | UNREACHABLE! => {
    "changed": false, 
    "msg": "[Errno -2] Name or service not known", 
    "unreachable": true
}
fudao_service-classtool_001 | SUCCESS | rc=0 >>
crontab
fudao_classtool
service_classtool
fudao_service-classtool_002 | SUCCESS | rc=0 >>
crontab
fudao_classtool
service_classtool
fudao_service-course_002 | SUCCESS | rc=0 >>
fudao_course
service_course
fudao_service-datacenter_002 | SUCCESS | rc=0 >>
service_datacenter
fudao_service-image_001 | SUCCESS | rc=0 >>
baotou
crontab
image
service_image
test.php
fudao_service-news_002 | SUCCESS | rc=0 >>
fudao_news
fudao_student_001 | SUCCESS | rc=0 >>
fudao_student
fudao_student-android
init.txt
student
fudao_service-image_002 | SUCCESS | rc=0 >>
image
service_image
fudao_service-account_003 | SUCCESS | rc=0 >>
service_account
fudao_student_002 | SUCCESS | rc=0 >>
fudao_student
fudao_student-android
init.txt
student
fudao_transaction-test_001 | SUCCESS | rc=0 >>
service_transaction
fudao_weixin-student_001 | SUCCESS | rc=0 >>
fudao_weixin_student
service_shorten
weixin_student
fudao_teacher-paper_001 | SUCCESS | rc=0 >>
fudao_teacher_002 | SUCCESS | rc=0 >>
teacher
fudao_teacher_001 | SUCCESS | rc=0 >>
fudao_teacher
teacher
